Case #1:
****
**..
**..
**.c
Case #2:
..................................................
..................................................
.................................................c
Case #3:
*
*
*
*
*
*
*
*
*
*
*
*
*
*
*
*
*
*
*
*
*
*
*
*
*
*
*
*
*
*
*
*
*
*
*
*
*
*
*
*
*
*
*
*
*
*
*
*
.
c
Case #4:
*
*
*
.
.
.
.
.
.
.
.
.
.
.
.
.
.
.
.
.
.
.
.
.
.
.
.
.
.
.
.
.
.
.
.
.
.
.
.
.
.
.
.
.
.
.
.
.
.
c
Case #5:
*
.
.
.
.
.
.
.
.
.
.
.
.
.
.
.
.
.
.
.
.
.
.
.
.
.
.
.
.
.
.
.
.
.
.
.
.
.
.
.
.
.
.
.
.
.
.
.
.
c
Case #6:
***
***
***
***
***
***
***
***
***
***
***
***
***
***
***
***
*..
...
...
...
...
...
...
...
...
...
...
...
...
...
...
...
...
...
...
...
...
...
...
...
...
...
...
...
...
...
...
...
...
..c
Case #7:
**************************************************
**************************************************
**************************************************
**************************************************
**************************************************
**************************************************
**************************************************
**************************************************
**************************************************
**************************************************
**************************************************
**************************************************
**************************************************
**************************************************
**************************************************
**************************************************
**************************************************
**************************************************
**************************************************
**************************************************
**************************************************
**************************************************
**************************************************
**************************************************
**************************************************
**************************************************
**************************************************
**************************************************
**************************************************
**************************************************
**************************************************
**************************************************
**************************************************
**************************************************
**************************************************
**************************************************
**************************************************
**************************************************
**************************************************
**************************************************
**************************************************
**************************************************
**************************************************
**************************************************
**************************************************
**************************************************
**************************************************
**************************************************
**************************************************
*************************************************c
Case #8:
****
****
****
***c
Case #9:
**************************************************
**************************************************
***********.......................................
***...............................................
***...............................................
***...............................................
***...............................................
***...............................................
***...............................................
***...............................................
***...............................................
***...............................................
***...............................................
***...............................................
***...............................................
***...............................................
***...............................................
***...............................................
***...............................................
***...............................................
***...............................................
***...............................................
***...............................................
***...............................................
***...............................................
***...............................................
***...............................................
***...............................................
***...............................................
***...............................................
***...............................................
***...............................................
***...............................................
***...............................................
***...............................................
***...............................................
***...............................................
***...............................................
***...............................................
***...............................................
***...............................................
***...............................................
***...............................................
***...............................................
***...............................................
***...............................................
***...............................................
***...............................................
***...............................................
***..............................................c
Case #10:
**************************************************
**************************************************
*******...........................................
***...............................................
***...............................................
***...............................................
***...............................................
***...............................................
***...............................................
***...............................................
***...............................................
***...............................................
***...............................................
***...............................................
***...............................................
***...............................................
***...............................................
***...............................................
***...............................................
***...............................................
***...............................................
***...............................................
***...............................................
***...............................................
***...............................................
***...............................................
***...............................................
***...............................................
***...............................................
***...............................................
***...............................................
***...............................................
***...............................................
***...............................................
***...............................................
***...............................................
***...............................................
***...............................................
***...............................................
***...............................................
***...............................................
***...............................................
***...............................................
***...............................................
***...............................................
***...............................................
***...............................................
***...............................................
***...............................................
***..............................................c
Case #11:
**************************************************
**************************************************
**************************************************
**************************************************
**************************************************
**************************************************
**************************************************
**************************************************
**************************************************
**************************************************
**************************************************
**************************************************
**************************************************
**************************************************
**************************************************
**************************************************
**************************************************
**************************************************
**************************************************
**************************************************
**************************************************
**************************************************
**************************************************
**************************************************
**************************************************
**************************************************
**************************************************
**************************************************
**************************************************
**************************************************
**************************************************
**************************************************
**************************************************
**************************************************
**************************************************
**************************************************
**************************************************
**************************************************
**************************************************
************************************************..
*****************************************.........
****************************************..........
****************************************..........
****************************************..........
****************************************..........
****************************************..........
****************************************..........
****************************************..........
****************************************..........
****************************************.........c
Case #12:
**************************************************
**************************************************
**************************************************
**************************************************
**************************************************
**************************************************
**************************************************
**************************************************
**************************************************
**************************************************
**************************************************
**************************************************
**************************************************
**************************************************
**************************************************
**************************************************
**************************************************
**************************************************
**************************************************
**************************************************
**************************************************
**************************************************
**************************************************
**************************************************
**************************************************
**************************************************
**************************************************
**************************************************
**************************************************
**************************************************
**************************************************
**************************************************
**************************************************
**************************************************
**************************************************
**************************************************
**************************************************
**************************************************
**************************************************
**************************************************
**************************************************
**************************************************
************************************************..
*******************************************.......
*******************************************.......
*******************************************.......
*******************************************.......
*******************************************.......
*******************************************.......
*******************************************......c
Case #13:
*****************.................................
***************...................................
***************..................................c
Case #14:
Impossible
Case #15:
*...
....
....
...c
Case #16:
**..
*...
*...
*..c
Case #17:
Impossible
Case #18:
**************************************************
**************************************************
*********.........................................
***...............................................
***...............................................
***...............................................
***...............................................
***...............................................
***...............................................
***...............................................
***...............................................
***...............................................
***...............................................
***...............................................
***...............................................
***...............................................
***...............................................
***...............................................
***...............................................
***...............................................
***...............................................
***...............................................
***...............................................
***...............................................
***...............................................
***...............................................
***...............................................
***...............................................
***...............................................
***...............................................
***...............................................
***...............................................
***...............................................
***...............................................
***...............................................
***...............................................
***...............................................
***...............................................
***...............................................
***...............................................
***...............................................
***...............................................
***...............................................
***...............................................
***...............................................
***...............................................
***...............................................
***...............................................
***...............................................
***..............................................c
Case #19:
**********
**********
**********
**********
**********
********..
******....
******....
******....
******...c
Case #20:
**************************************************
**************************************************
**************************************************
**************************************************
**************************************************
**************************************************
**************************************************
**************************************************
**************************************************
**************************************************
**************************************************
**************************************************
**************************************************
**************************************************
**************************************************
**************************************************
**************************************************
**************************************************
**************************************************
**************************************************
**************************************************
**************************************************
**************************************************
**************************************************
**************************************************
**************************************************
**************************************************
**************************************************
**************************************************
**************************************************
**************************************************
**************************************************
**************************************************
**************************************************
**************************************************
**************************************************
**************************************************
**************************************************
**************************************************
**************************************************
**************************************************
**************************************************
***********************************************...
*******************************************.......
*******************************************.......
*******************************************.......
*******************************************.......
*******************************************.......
*******************************************.......
*******************************************......c
Case #21:
**..
*...
....
...c
Case #22:
**
..
..
..
..
..
..
..
..
..
..
..
..
..
..
..
..
..
..
..
..
..
..
..
..
..
..
..
..
..
..
..
..
..
..
..
..
..
..
..
..
..
..
..
..
..
..
..
..
.c
Case #23:
Impossible
Case #24:
**************************************************
**************************************************
**************************************************
**************************************************
**************************************************
**************************************************
**************************************************
**************************************************
**************************************************
**************************************************
**************************************************
**************************************************
**************************************************
**************************************************
**************************************************
**************************************************
**************************************************
**************************************************
**************************************************
**************************************************
**************************************************
**************************************************
**************************************************
**************************************************
**************************************************
**************************************************
**************************************************
**************************************************
**************************************************
**************************************************
**************************************************
**************************************************
**************************************************
**************************************************
**************************************************
**************************************************
**************************************************
**************************************************
**************************************************
**************************************************
**************************************************
**************************************************
**************************************************
**************************************************
**************************************************
**************************************************
**************************************************
************************************************..
************************************************..
************************************************.c
Case #25:
*.................................................
*................................................c
Case #26:
*****************.................................
****************..................................
****************.................................c
Case #27:
****
****
**..
**.c
Case #28:
***
***
***
***
***
***
***
***
***
***
***
***
***
***
*..
*..
...
...
...
...
...
...
...
...
...
...
...
...
...
...
...
...
...
...
...
...
...
...
...
...
...
...
...
...
...
...
...
...
...
..c
Case #29:
Impossible
Case #30:
*.................................................
..................................................
..................................................
..................................................
..................................................
..................................................
..................................................
..................................................
..................................................
..................................................
..................................................
..................................................
..................................................
..................................................
..................................................
..................................................
..................................................
..................................................
..................................................
..................................................
..................................................
..................................................
..................................................
..................................................
..................................................
..................................................
..................................................
..................................................
..................................................
..................................................
..................................................
..................................................
..................................................
..................................................
..................................................
..................................................
..................................................
..................................................
..................................................
..................................................
..................................................
..................................................
..................................................
..................................................
..................................................
..................................................
..................................................
..................................................
..................................................
.................................................c
Case #31:
**************************************************
**************************************************
**************************************************
**************************************************
**************************************************
**************************************************
**************************************************
**************************************************
**************************************************
**************************************************
**************************************************
**************************************************
**************************************************
**************************************************
**************************************************
**************************************************
**************************************************
**************************************************
**************************************************
**************************************************
**************************************************
**************************************************
**************************************************
**************************************************
**************************************************
**************************************************
**************************************************
**************************************************
**************************************************
**************************************************
**************************************************
**************************************************
**************************************************
**************************************************
**************************************************
**************************************************
**************************************************
**************************************************
**************************************************
**************************************************
**************************************************
**************************************************
**************************************************
**************************************************
**************************************************
**************************************************
**************************************************
***********************************************...
***********************************************...
***********************************************..c
Case #32:
***
***
***
***
***
***
***
***
***
***
***
***
***
***
***
***
...
...
...
...
...
...
...
...
...
...
...
...
...
...
...
...
...
...
...
...
...
...
...
...
...
...
...
...
...
...
...
...
...
..c
Case #33:
.
.
.
.
.
.
.
.
.
.
.
.
.
.
.
.
.
.
.
.
.
.
.
.
.
.
.
.
.
.
.
.
.
.
.
.
.
.
.
.
.
.
.
.
.
.
.
.
.
c
Case #34:
**************************************************
**************************************************
**************************************************
**************************************************
**************************************************
**************************************************
**************************************************
**************************************************
**************************************************
**************************************************
**************************************************
**************************************************
**************************************************
**************************************************
**************************************************
**************************************************
**************************************************
**************************************************
**************************************************
**************************************************
**************************************************
**************************************************
**************************************************
**************************************************
**************************************************
**************************************************
**************************************************
**************************************************
**************************************************
**************************************************
**************************************************
**************************************************
**************************************************
**************************************************
**************************************************
**************************************************
**************************************************
**************************************************
**************************************************
**************************************************
**************************************************
**************************************************
************************************************..
********************************************......
*******************************************.......
*******************************************.......
*******************************************.......
*******************************************.......
*******************************************.......
*******************************************......c
Case #35:
**************************************************
**************************************************
**************************************************
**************************************************
**************************************************
**************************************************
**************************************************
**************************************************
**************************************************
**************************************************
**************************************************
**************************************************
**************************************************
**************************************************
**************************************************
**************************************************
**************************************************
**************************************************
**************************************************
**************************************************
**************************************************
**************************************************
**************************************************
**************************************************
**************************************************
**************************************************
**************************************************
**************************************************
**************************************************
**************************************************
**************************************************
**************************************************
**************************************************
**************************************************
**************************************************
**************************************************
**************************************************
**************************************************
**************************************************
**************************************************
**************************************************
**************************************************
**************************************************
**************************************************
**************************************************
**************************************************
************************************************..
************************************************..
***********************************************...
***********************************************..c
Case #36:
****************..................................
****************..................................
****************.................................c
Case #37:
*.................................................
*.................................................
*.................................................
*.................................................
*.................................................
*.................................................
*.................................................
*.................................................
*.................................................
*.................................................
*.................................................
*.................................................
*.................................................
*.................................................
*.................................................
*.................................................
*.................................................
*.................................................
*.................................................
*.................................................
*.................................................
*.................................................
*.................................................
*.................................................
*.................................................
*.................................................
*.................................................
*.................................................
*.................................................
*.................................................
*.................................................
*.................................................
*.................................................
*.................................................
*.................................................
*.................................................
*.................................................
*.................................................
*.................................................
*.................................................
*.................................................
*.................................................
*.................................................
*.................................................
*.................................................
*.................................................
*.................................................
*.................................................
..................................................
.................................................c
Case #38:
*.................................................
*.................................................
*.................................................
*.................................................
*.................................................
*.................................................
*.................................................
*.................................................
*.................................................
*.................................................
*.................................................
*.................................................
*.................................................
*.................................................
*.................................................
*.................................................
*.................................................
*.................................................
*.................................................
*.................................................
*.................................................
*.................................................
*.................................................
*.................................................
*.................................................
*.................................................
*.................................................
*.................................................
*.................................................
*.................................................
*.................................................
*.................................................
*.................................................
*.................................................
*.................................................
*.................................................
*.................................................
*.................................................
*.................................................
*.................................................
*.................................................
*.................................................
*.................................................
*.................................................
*.................................................
*.................................................
*.................................................
*.................................................
*.................................................
*................................................c
Case #39:
**...............................................c
Case #40:
************************************************.c
Case #41:
****************..................................
**************....................................
**************...................................c
Case #42:
**................................................
**...............................................c
Case #43:
**************************************************
**************************************************
**************************************************
**************************************************
**************************************************
**************************************************
**************************************************
**************************************************
**************************************************
**************************************************
**************************************************
**************************************************
**************************************************
**************************************************
**************************************************
**************************************************
**************************************************
**************************************************
**************************************************
**************************************************
**************************************************
**************************************************
**************************************************
**************************************************
**************************************************
**************************************************
**************************************************
**************************************************
**************************************************
**************************************************
**************************************************
**************************************************
**************************************************
**************************************************
**************************************************
**************************************************
**************************************************
**************************************************
**************************************************
**************************************************
**************************************************
**************************************************
**************************************************
********************************************......
*******************************************.......
*******************************************.......
*******************************************.......
*******************************************.......
*******************************************.......
*******************************************......c
Case #44:
.................................................c
Case #45:
Impossible
Case #46:
Impossible
Case #47:
**
**
**
**
**
**
**
**
**
**
**
**
**
**
**
**
**
**
**
**
**
**
..
..
..
..
..
..
..
..
..
..
..
..
..
..
..
..
..
..
..
..
..
..
..
..
..
..
..
.c
Case #48:
***************...................................
***************...................................
***************..................................c
Case #49:
Impossible
Case #50:
***************...................................
**************....................................
**************...................................c
Case #51:
*..
...
...
...
...
...
...
...
...
...
...
...
...
...
...
...
...
...
...
...
...
...
...
...
...
...
...
...
...
...
...
...
...
...
...
...
...
...
...
...
...
...
...
...
...
...
...
...
...
..c
Case #52:
***********************...........................
***********************..........................c
Case #53:
*...
*...
....
...c
Case #54:
***
***
***
***
***
***
***
***
***
***
***
***
***
***
***
*..
...
...
...
...
...
...
...
...
...
...
...
...
...
...
...
...
...
...
...
...
...
...
...
...
...
...
...
...
...
...
...
...
...
..c
Case #55:
*
*
*
*
*
*
*
*
*
*
*
*
*
*
*
*
*
*
*
*
*
*
*
*
*
*
*
*
*
*
*
*
*
*
*
*
*
*
*
*
*
*
*
*
*
*
*
.
.
c
Case #56:
Impossible
Case #57:
**************************************************
**************************************************
**************************************************
**************************************************
**************************************************
**************************************************
**************************************************
**************************************************
**************************************************
**************************************************
**************************************************
**************************************************
**************************************************
**************************************************
**************************************************
**************************************************
**************************************************
**************************************************
**************************************************
**************************************************
**************************************************
**************************************************
**************************************************
**************************************************
**************************************************
**************************************************
**************************************************
**************************************************
**************************************************
**************************************************
**************************************************
**************************************************
**************************************************
**************************************************
**************************************************
**************************************************
**************************************************
**************************************************
**************************************************
**************************************************
*****************************************.........
****************************************..........
****************************************..........
****************************************..........
****************************************..........
****************************************..........
****************************************..........
****************************************..........
****************************************..........
****************************************.........c
Case #58:
*...
*...
*...
*..c
Case #59:
**................................................
*.................................................
*................................................c
Case #60:
*.................................................
*.................................................
*.................................................
..................................................
..................................................
..................................................
..................................................
..................................................
..................................................
..................................................
..................................................
..................................................
..................................................
..................................................
..................................................
..................................................
..................................................
..................................................
..................................................
..................................................
..................................................
..................................................
..................................................
..................................................
..................................................
..................................................
..................................................
..................................................
..................................................
..................................................
..................................................
..................................................
..................................................
..................................................
..................................................
..................................................
..................................................
..................................................
..................................................
..................................................
..................................................
..................................................
..................................................
..................................................
..................................................
..................................................
..................................................
..................................................
..................................................
.................................................c
Case #61:
Impossible
Case #62:
..
..
..
..
..
..
..
..
..
..
..
..
..
..
..
..
..
..
..
..
..
..
..
..
..
..
..
..
..
..
..
..
..
..
..
..
..
..
..
..
..
..
..
..
..
..
..
..
..
.c
Case #63:
Impossible
Case #64:
**************************************************
**************************************************
**************************************************
**************************************************
**************************************************
**************************************************
**************************************************
**************************************************
**************************************************
**************************************************
**************************************************
**************************************************
**************************************************
**************************************************
**************************************************
**************************************************
**************************************************
**************************************************
**************************************************
**************************************************
**************************************************
**************************************************
**************************************************
**************************************************
**************************************************
**************************************************
**************************************************
**************************************************
**************************************************
**************************************************
**************************************************
**************************************************
**************************************************
**************************************************
**************************************************
**************************************************
**************************************************
**************************************************
**************************************************
**************************************************
*****************************************.........
*****************************************.........
****************************************..........
****************************************..........
****************************************..........
****************************************..........
****************************************..........
****************************************..........
****************************************..........
****************************************.........c
Case #65:
Impossible
Case #66:
Impossible
Case #67:
*.................................................
..................................................
.................................................c
Case #68:
****************..................................
***************...................................
***************..................................c
Case #69:
Impossible
Case #70:
**************....................................
**************....................................
**************...................................c
Case #71:
Impossible
Case #72:
Impossible
Case #73:
..................................................
.................................................c
Case #74:
*
*
*
*
*
*
*
*
*
*
*
*
*
*
*
*
*
*
*
*
*
*
*
*
*
*
*
*
*
*
*
*
*
*
*
*
*
*
*
*
*
*
*
*
*
*
*
*
*
c
Case #75:
***********************************************..c
Case #76:
Impossible
Case #77:
************************..........................
************************.........................c
Case #78:
**..
**..
*...
*..c
Case #79:
Impossible
Case #80:
...
...
...
...
...
...
...
...
...
...
...
...
...
...
...
...
...
...
...
...
...
...
...
...
...
...
...
...
...
...
...
...
...
...
...
...
...
...
...
...
...
...
...
...
...
...
...
...
...
..c
Case #81:
**************************************************
**************************************************
**************************************************
**************************************************
**************************************************
**************************************************
**************************************************
**************************************************
**************************************************
**************************************************
**************************************************
**************************************************
**************************************************
**************************************************
**************************************************
**************************************************
**************************************************
**************************************************
**************************************************
**************************************************
**************************************************
**************************************************
**************************************************
**************************************************
**************************************************
**************************************************
**************************************************
**************************************************
**************************************************
**************************************************
**************************************************
**************************************************
**************************************************
**************************************************
**************************************************
**************************************************
**************************************************
**************************************************
**************************************************
**************************************************
**************************************************
**************************************************
**************************************************
**************************************************
**************************************************
**************************************************
**************************************************
**************************************************
************************************************..
************************************************.c
Case #82:
***
***
***
***
***
***
***
***
***
***
***
***
***
***
...
...
...
...
...
...
...
...
...
...
...
...
...
...
...
...
...
...
...
...
...
...
...
...
...
...
...
...
...
...
...
...
...
...
...
..c
Case #83:
**
**
**
**
**
**
**
**
**
**
**
**
**
**
**
**
**
**
**
**
**
**
**
**
..
..
..
..
..
..
..
..
..
..
..
..
..
..
..
..
..
..
..
..
..
..
..
..
..
.c
Case #84:
***
...
...
...
...
...
...
...
...
...
...
...
...
...
...
...
...
...
...
...
...
...
...
...
...
...
...
...
...
...
...
...
...
...
...
...
...
...
...
...
...
...
...
...
...
...
...
...
...
..c
Case #85:
*********************.............................
*********************............................c
Case #86:
**................................................
*.................................................
*.................................................
*.................................................
*.................................................
*.................................................
*.................................................
*.................................................
*.................................................
*.................................................
*.................................................
*.................................................
*.................................................
*.................................................
*.................................................
*.................................................
*.................................................
*.................................................
*.................................................
*.................................................
*.................................................
*.................................................
*.................................................
*.................................................
*.................................................
*.................................................
*.................................................
*.................................................
*.................................................
*.................................................
*.................................................
*.................................................
*.................................................
*.................................................
*.................................................
*.................................................
*.................................................
*.................................................
*.................................................
*.................................................
*.................................................
*.................................................
*.................................................
*.................................................
*.................................................
*.................................................
*.................................................
*.................................................
..................................................
.................................................c
Case #87:
Impossible
Case #88:
*..
...
..c
Case #89:
*************************************************c
Case #90:
Impossible
Case #91:
**************************************************
**************************************************
**********........................................
***...............................................
***...............................................
***...............................................
***...............................................
***...............................................
***...............................................
***...............................................
***...............................................
***...............................................
***...............................................
***...............................................
***...............................................
***...............................................
***...............................................
***...............................................
***...............................................
***...............................................
***...............................................
***...............................................
***...............................................
***...............................................
***...............................................
***...............................................
***...............................................
***...............................................
***...............................................
***...............................................
***...............................................
***...............................................
***...............................................
***...............................................
***...............................................
***...............................................
***...............................................
***...............................................
***...............................................
***...............................................
***...............................................
***...............................................
***...............................................
***...............................................
***...............................................
***...............................................
***...............................................
***...............................................
***...............................................
***..............................................c
Case #92:
Impossible
Case #93:
**************************************************
**************************************************
********..........................................
***...............................................
***...............................................
***...............................................
***...............................................
***...............................................
***...............................................
***...............................................
***...............................................
***...............................................
***...............................................
***...............................................
***...............................................
***...............................................
***...............................................
***...............................................
***...............................................
***...............................................
***...............................................
***...............................................
***...............................................
***...............................................
***...............................................
***...............................................
***...............................................
***...............................................
***...............................................
***...............................................
***...............................................
***...............................................
***...............................................
***...............................................
***...............................................
***...............................................
***...............................................
***...............................................
***...............................................
***...............................................
***...............................................
***...............................................
***...............................................
***...............................................
***...............................................
***...............................................
***...............................................
***...............................................
***...............................................
***..............................................c
Case #94:
**************************************************
**************************************************
**************************************************
**************************************************
**************************************************
**************************************************
**************************************************
**************************************************
**************************************************
**************************************************
**************************************************
**************************************************
**************************************************
**************************************************
**************************************************
**************************************************
**************************************************
**************************************************
**************************************************
**************************************************
**************************************************
**************************************************
**************************************************
**************************************************
**************************************************
**************************************************
**************************************************
**************************************************
**************************************************
**************************************************
**************************************************
**************************************************
**************************************************
**************************************************
**************************************************
**************************************************
**************************************************
**************************************************
**************************************************
**************************************************
**************************************************
**************************************************
**************************************************
**************************************************
**************************************************
**************************************************
**************************************************
************************************************..
***********************************************...
***********************************************..c
Case #95:
*.................................................
*.................................................
*................................................c
Case #96:
....
....
....
...c
Case #97:
**.....
*......
.......
......c
Case #98:
**................................................
..................................................
.................................................c
Case #99:
***
*..
...
...
...
...
...
...
...
...
...
...
...
...
...
...
...
...
...
...
...
...
...
...
...
...
...
...
...
...
...
...
...
...
...
...
...
...
...
...
...
...
...
...
...
...
...
...
...
..c
Case #100:
***
***
***
***
***
***
***
***
***
***
***
***
***
***
*..
...
...
...
...
...
...
...
...
...
...
...
...
...
...
...
...
...
...
...
...
...
...
...
...
...
...
...
...
...
...
...
...
...
...
..c
Case #101:
***
*..
*.c
Case #102:
..................................................
..................................................
..................................................
..................................................
..................................................
..................................................
..................................................
..................................................
..................................................
..................................................
..................................................
..................................................
..................................................
..................................................
..................................................
..................................................
..................................................
..................................................
..................................................
..................................................
..................................................
..................................................
..................................................
..................................................
..................................................
..................................................
..................................................
..................................................
..................................................
..................................................
..................................................
..................................................
..................................................
..................................................
..................................................
..................................................
..................................................
..................................................
..................................................
..................................................
..................................................
..................................................
..................................................
..................................................
..................................................
..................................................
..................................................
..................................................
..................................................
.................................................c
Case #103:
***
*..
*..
...
...
...
...
...
...
...
...
...
...
...
...
...
...
...
...
...
...
...
...
...
...
...
...
...
...
...
...
...
...
...
...
...
...
...
...
...
...
...
...
...
...
...
...
...
...
..c
Case #104:
***...............................................
*.................................................
*.................................................
*.................................................
*.................................................
*.................................................
*.................................................
*.................................................
*.................................................
*.................................................
*.................................................
*.................................................
*.................................................
*.................................................
*.................................................
*.................................................
*.................................................
*.................................................
*.................................................
*.................................................
*.................................................
*.................................................
*.................................................
*.................................................
*.................................................
*.................................................
*.................................................
*.................................................
*.................................................
*.................................................
*.................................................
*.................................................
*.................................................
*.................................................
*.................................................
*.................................................
*.................................................
*.................................................
*.................................................
*.................................................
*.................................................
*.................................................
*.................................................
*.................................................
*.................................................
*.................................................
*.................................................
*.................................................
*.................................................
*................................................c
Case #105:
*................................................c
Case #106:
***
***
**c
Case #107:
Impossible
Case #108:
***..............................................c
Case #109:
***...............................................
*.................................................
*................................................c
Case #110:
**************************************************
**************************************************
**************************************************
**************************************************
**************************************************
**************************************************
**************************************************
**************************************************
**************************************************
**************************************************
**************************************************
**************************************************
**************************************************
**************************************************
**************************************************
**************************************************
**************************************************
**************************************************
**************************************************
**************************************************
**************************************************
**************************************************
**************************************************
**************************************************
**************************************************
**************************************************
**************************************************
**************************************************
**************************************************
**************************************************
**************************************************
**************************************************
**************************************************
**************************************************
**************************************************
**************************************************
**************************************************
**************************************************
**************************************************
**************************************************
****************************************..........
****************************************..........
****************************************..........
****************************************..........
****************************************..........
****************************************..........
****************************************..........
****************************************..........
****************************************..........
****************************************.........c
Case #111:
***
***
***
***
***
***
***
***
***
***
***
***
***
***
***
...
...
...
...
...
...
...
...
...
...
...
...
...
...
...
...
...
...
...
...
...
...
...
...
...
...
...
...
...
...
...
...
...
...
..c
Case #112:
*
*
.
.
.
.
.
.
.
.
.
.
.
.
.
.
.
.
.
.
.
.
.
.
.
.
.
.
.
.
.
.
.
.
.
.
.
.
.
.
.
.
.
.
.
.
.
.
.
c
Case #113:
Impossible
Case #114:
**
**
**
**
**
**
**
**
**
**
**
**
**
**
**
**
**
**
**
**
**
..
..
..
..
..
..
..
..
..
..
..
..
..
..
..
..
..
..
..
..
..
..
..
..
..
..
..
..
.c
Case #115:
***
***
***
***
***
***
***
***
***
***
***
***
***
***
***
*..
*..
...
...
...
...
...
...
...
...
...
...
...
...
...
...
...
...
...
...
...
...
...
...
...
...
...
...
...
...
...
...
...
...
..c
Case #116:
**................................................
*.................................................
*.................................................
*.................................................
*.................................................
*.................................................
*.................................................
*.................................................
*.................................................
*.................................................
*.................................................
*.................................................
*.................................................
*.................................................
*.................................................
*.................................................
*.................................................
*.................................................
*.................................................
*.................................................
*.................................................
*.................................................
*.................................................
*.................................................
*.................................................
*.................................................
*.................................................
*.................................................
*.................................................
*.................................................
*.................................................
*.................................................
*.................................................
*.................................................
*.................................................
*.................................................
*.................................................
*.................................................
*.................................................
*.................................................
*.................................................
*.................................................
*.................................................
*.................................................
*.................................................
*.................................................
*.................................................
*.................................................
*.................................................
*................................................c
Case #117:
**
**
**
**
**
**
**
**
**
**
**
**
**
**
**
**
**
**
**
**
**
**
**
..
..
..
..
..
..
..
..
..
..
..
..
..
..
..
..
..
..
..
..
..
..
..
..
..
..
.c
Case #118:
**************************************************
**************************************************
**************************************************
**************************************************
**************************************************
**************************************************
**************************************************
**************************************************
**************************************************
**************************************************
**************************************************
**************************************************
**************************************************
**************************************************
**************************************************
**************************************************
**************************************************
**************************************************
**************************************************
**************************************************
**************************************************
**************************************************
**************************************************
**************************************************
**************************************************
**************************************************
**************************************************
**************************************************
**************************************************
**************************************************
**************************************************
**************************************************
**************************************************
**************************************************
**************************************************
**************************************************
**************************************************
**************************************************
**************************************************
**************************************************
**************************************************
**************************************************
**************************************************
*******************************************.......
*******************************************.......
*******************************************.......
*******************************************.......
*******************************************.......
*******************************************.......
*******************************************......c
Case #119:
****
**..
*...
*..c
Case #120:
...
...
..c
Case #121:
*..
*..
*.c
Case #122:
*
.
c
Case #123:
**************************************************
**************************************************
**************************************************
**************************************************
**************************************************
**************************************************
**************************************************
**************************************************
**************************************************
**************************************************
**************************************************
**************************************************
**************************************************
**************************************************
**************************************************
**************************************************
**************************************************
**************************************************
**************************************************
**************************************************
**************************************************
**************************************************
**************************************************
**************************************************
**************************************************
**************************************************
**************************************************
**************************************************
**************************************************
**************************************************
**************************************************
**************************************************
**************************************************
**************************************************
**************************************************
**************************************************
**************************************************
**************************************************
**************************************************
************************************************..
****************************************..........
****************************************..........
****************************************..........
****************************************..........
****************************************..........
****************************************..........
****************************************..........
****************************************..........
****************************************..........
****************************************.........c
Case #124:
**
**
..
..
..
..
..
..
..
..
..
..
..
..
..
..
..
..
..
..
..
..
..
..
..
..
..
..
..
..
..
..
..
..
..
..
..
..
..
..
..
..
..
..
..
..
..
..
..
.c
Case #125:
Impossible
Case #126:
*..
*..
...
...
...
...
...
...
...
...
...
...
...
...
...
...
...
...
...
...
...
...
...
...
...
...
...
...
...
...
...
...
...
...
...
...
...
...
...
...
...
...
...
...
...
...
...
...
...
..c
Case #127:
Impossible
Case #128:
Impossible
Case #129:
**********************............................
**********************...........................c
Case #130:
Impossible
Case #131:
*.................................................
*.................................................
..................................................
..................................................
..................................................
..................................................
..................................................
..................................................
..................................................
..................................................
..................................................
..................................................
..................................................
..................................................
..................................................
..................................................
..................................................
..................................................
..................................................
..................................................
..................................................
..................................................
..................................................
..................................................
..................................................
..................................................
..................................................
..................................................
..................................................
..................................................
..................................................
..................................................
..................................................
..................................................
..................................................
..................................................
..................................................
..................................................
..................................................
..................................................
..................................................
..................................................
..................................................
..................................................
..................................................
..................................................
..................................................
..................................................
..................................................
.................................................c
Case #132:
Impossible
Case #133:
Impossible
Case #134:
****
*...
*...
*..c
